<?xml version="1.0" encoding="UTF-8"?>
<!-- Generated by org.testng.reporters.JUnitReportReporter -->
<testsuite hostname="LAPTOP-6A9VMB7E" failures="0" tests="5" name="Athetha.RestAssuredProject.tests.TestApiMethods" time="9.756" errors="0" timestamp="2021-10-22T18:39:41 IST" skipped="0">
  <testcase classname="Athetha.RestAssuredProject.tests.TestApiMethods" name="testPostUser" time="3.923"/>
  <system-out/>
  <testcase classname="Athetha.RestAssuredProject.tests.TestApiMethods" name="testGetUserByName" time="1.755"/>
  <system-out/>
  <testcase classname="Athetha.RestAssuredProject.tests.TestApiMethods" name="testDeleteUserByName" time="1.435"/>
  <system-out/>
  <testcase classname="Athetha.RestAssuredProject.tests.TestApiMethods" name="testPutUserByName" time="1.268"/>
  <system-out/>
  <testcase classname="Athetha.RestAssuredProject.tests.TestApiMethods" name="testGetlogin" time="1.375"/>
  <system-out/>
</testsuite> <!-- Athetha.RestAssuredProject.tests.TestApiMethods -->
