<?xml version="1.0" encoding="UTF-8"?>
<!-- Generated by org.testng.reporters.JUnitReportReporter -->
<testsuite hostname="LAPTOP-6A9VMB7E" failures="0" tests="5" name="Athetha.RestAssuredProject.tests.TestEndpoints" time="11.714" errors="0" timestamp="2021-09-16T14:50:49 IST" skipped="0">
  <testcase classname="Athetha.RestAssuredProject.tests.TestEndpoints" name="testPostUser" time="3.034"/>
  <system-out/>
  <testcase classname="Athetha.RestAssuredProject.tests.TestEndpoints" name="testGetUserByName" time="1.606"/>
  <system-out/>
  <testcase classname="Athetha.RestAssuredProject.tests.TestEndpoints" name="testDeleteUserByName" time="1.443"/>
  <system-out/>
  <testcase classname="Athetha.RestAssuredProject.tests.TestEndpoints" name="testPutUserByName" time="1.330"/>
  <system-out/>
  <testcase classname="Athetha.RestAssuredProject.tests.TestEndpoints" name="testGetlogin" time="4.301"/>
  <system-out/>
</testsuite> <!-- Athetha.RestAssuredProject.tests.TestEndpoints -->
